d:\projects\fractals\mandelbrot\mandelbrot_cuda\mandelbrot_cuda\x64\release\vc142.pdb
d:\projects\fractals\mandelbrot\mandelbrot_cuda\mandelbrot_cuda\x64\release\mandelbrot.obj
d:\projects\fractals\mandelbrot\mandelbrot_cuda\x64\release\mandelbrot_cuda.exe
d:\projects\fractals\mandelbrot\mandelbrot_cuda\x64\release\mandelbrot_cuda.pdb
d:\projects\fractals\mandelbrot\mandelbrot_cuda\x64\release\mandelbrot_cuda.lib
d:\projects\fractals\mandelbrot\mandelbrot_cuda\x64\release\mandelbrot_cuda.exp
d:\projects\fractals\mandelbrot\mandelbrot_cuda\x64\release\mandelbrot_cuda.ipdb
d:\projects\fractals\mandelbrot\mandelbrot_cuda\x64\release\mandelbrot_cuda.iobj
d:\projects\fractals\mandelbrot\mandelbrot_cuda\mandelbrot_cuda\x64\release\vcpkg.applocal.log
d:\projects\fractals\mandelbrot\mandelbrot_cuda\mandelbrot_cuda\x64\release\kernel.cu.cache
d:\projects\fractals\mandelbrot\mandelbrot_cuda\mandelbrot_cuda\x64\release\kernel.cu.obj
d:\projects\fractals\mandelbrot\mandelbrot_cuda\mandelbrot_cuda\x64\release\mandelbrot_cuda.tlog\cl.command.1.tlog
d:\projects\fractals\mandelbrot\mandelbrot_cuda\mandelbrot_cuda\x64\release\mandelbrot_cuda.tlog\cl.read.1.tlog
d:\projects\fractals\mandelbrot\mandelbrot_cuda\mandelbrot_cuda\x64\release\mandelbrot_cuda.tlog\cl.write.1.tlog
d:\projects\fractals\mandelbrot\mandelbrot_cuda\mandelbrot_cuda\x64\release\mandelbrot_cuda.tlog\cudacompile.read.1u.tlog
d:\projects\fractals\mandelbrot\mandelbrot_cuda\mandelbrot_cuda\x64\release\mandelbrot_cuda.tlog\cudacompile.write.1u.tlog
d:\projects\fractals\mandelbrot\mandelbrot_cuda\mandelbrot_cuda\x64\release\mandelbrot_cuda.tlog\link.command.1.tlog
d:\projects\fractals\mandelbrot\mandelbrot_cuda\mandelbrot_cuda\x64\release\mandelbrot_cuda.tlog\link.read.1.tlog
d:\projects\fractals\mandelbrot\mandelbrot_cuda\mandelbrot_cuda\x64\release\mandelbrot_cuda.tlog\link.write.1.tlog
d:\projects\fractals\mandelbrot\mandelbrot_cuda\mandelbrot_cuda\x64\release\mandelbrot_cuda.tlog\mandelbrot_cuda.write.1u.tlog
