  Compiling CUDA source file kernel.cu...
  
  D:\projects\fractals\mandelbrot\mandelbrot_cuda\mandelbrot_cuda>"C:\Program Files\NVIDIA GPU Computing Toolkit\CUDA\v10.1\bin\nvcc.exe" -gencode=arch=compute_35,code=\"sm_35,compute_35\" --use-local-env -ccbin "E:\OtherStuff\visual_studio\Microsoft Visual Studio\2019\Community\VC\Tools\MSVC\14.26.28801\bin\HostX86\x64" -x cu  -I"D:\projects\dependencies\vs_code_sfml_compile\SFML-2.5.1-sources_x642\include" -I"D:\projects\dependencies\vs_code_sfml_compile\SFML-2.5.1-sources_x64\SFML-2.5.1\include" -I"C:\Program Files\NVIDIA GPU Computing Toolkit\CUDA\v10.1\include" -I"D:\projects\dependencies\vcpkg\installed\x64-windows\include" -I"C:\Program Files\NVIDIA GPU Computing Toolkit\CUDA\v10.1\include"     --keep-dir x64\Release -maxrregcount=0  --machine 64 --compile -cudart static     -DWIN32 -DWIN64 -DNDEBUG -D_CONSOLE -D_MBCS -Xcompiler "/EHsc /W3 /nologo /O2 /Fdx64\Release\vc142.pdb /FS /Zi  /MD " -o x64\Release\kernel.cu.obj "D:\projects\fractals\mandelbrot\mandelbrot_cuda\mandelbrot_cuda\kernel.cu" 
D:\projects\dependencies\vs_code_sfml_compile\SFML-2.5.1-sources_x642\include\SFML/System/String.hpp(527): warning : field of class type without a DLL interface used in a class with a DLL interface
  
D:\projects\dependencies\vs_code_sfml_compile\SFML-2.5.1-sources_x642\include\SFML/Window/Window.hpp(549): warning : field of class type without a DLL interface used in a class with a DLL interface
  
D:\projects\dependencies\vs_code_sfml_compile\SFML-2.5.1-sources_x642\include\SFML/Graphics/Transformable.hpp(319): warning : field of class type without a DLL interface used in a class with a DLL interface
  
D:\projects\dependencies\vs_code_sfml_compile\SFML-2.5.1-sources_x642\include\SFML/Graphics/Transformable.hpp(320): warning : field of class type without a DLL interface used in a class with a DLL interface
  
D:\projects\dependencies\vs_code_sfml_compile\SFML-2.5.1-sources_x642\include\SFML/Graphics/Transformable.hpp(322): warning : field of class type without a DLL interface used in a class with a DLL interface
  
D:\projects\dependencies\vs_code_sfml_compile\SFML-2.5.1-sources_x642\include\SFML/Graphics/Vertex.hpp(97): warning : field of class type without a DLL interface used in a class with a DLL interface
  
D:\projects\dependencies\vs_code_sfml_compile\SFML-2.5.1-sources_x642\include\SFML/Graphics/Vertex.hpp(99): warning : field of class type without a DLL interface used in a class with a DLL interface
  
D:\projects\dependencies\vs_code_sfml_compile\SFML-2.5.1-sources_x642\include\SFML/Graphics/VertexArray.hpp(190): warning : field of class type without a DLL interface used in a class with a DLL interface
  
D:\projects\dependencies\vs_code_sfml_compile\SFML-2.5.1-sources_x642\include\SFML/Graphics/Shape.hpp(309): warning : field of class type without a DLL interface used in a class with a DLL interface
  
D:\projects\dependencies\vs_code_sfml_compile\SFML-2.5.1-sources_x642\include\SFML/Graphics/Shape.hpp(315): warning : field of class type without a DLL interface used in a class with a DLL interface
  
D:\projects\dependencies\vs_code_sfml_compile\SFML-2.5.1-sources_x642\include\SFML/Graphics/Shape.hpp(316): warning : field of class type without a DLL interface used in a class with a DLL interface
  
D:\projects\dependencies\vs_code_sfml_compile\SFML-2.5.1-sources_x642\include\SFML/Graphics/ConvexShape.hpp(115): warning : field of class type without a DLL interface used in a class with a DLL interface
  
D:\projects\dependencies\vs_code_sfml_compile\SFML-2.5.1-sources_x642\include\SFML/Graphics/Glyph.hpp(55): warning : field of class type without a DLL interface used in a class with a DLL interface
  
D:\projects\dependencies\vs_code_sfml_compile\SFML-2.5.1-sources_x642\include\SFML/Graphics/Glyph.hpp(56): warning : field of class type without a DLL interface used in a class with a DLL interface
  
D:\projects\dependencies\vs_code_sfml_compile\SFML-2.5.1-sources_x642\include\SFML/Graphics/Image.hpp(266): warning : field of class type without a DLL interface used in a class with a DLL interface
  
D:\projects\dependencies\vs_code_sfml_compile\SFML-2.5.1-sources_x642\include\SFML/Graphics/Image.hpp(267): warning : field of class type without a DLL interface used in a class with a DLL interface
  
D:\projects\dependencies\vs_code_sfml_compile\SFML-2.5.1-sources_x642\include\SFML/Graphics/Texture.hpp(619): warning : field of class type without a DLL interface used in a class with a DLL interface
  
D:\projects\dependencies\vs_code_sfml_compile\SFML-2.5.1-sources_x642\include\SFML/Graphics/Texture.hpp(620): warning : field of class type without a DLL interface used in a class with a DLL interface
  
D:\projects\dependencies\vs_code_sfml_compile\SFML-2.5.1-sources_x642\include\SFML/Graphics/Font.hpp(354): warning : field of class type without a DLL interface used in a class with a DLL interface
  
D:\projects\dependencies\vs_code_sfml_compile\SFML-2.5.1-sources_x642\include\SFML/Graphics/Font.hpp(355): warning : field of class type without a DLL interface used in a class with a DLL interface
  
D:\projects\dependencies\vs_code_sfml_compile\SFML-2.5.1-sources_x642\include\SFML/Graphics/Font.hpp(356): warning : field of class type without a DLL interface used in a class with a DLL interface
  
D:\projects\dependencies\vs_code_sfml_compile\SFML-2.5.1-sources_x642\include\SFML/Graphics/RectangleShape.hpp(102): warning : field of class type without a DLL interface used in a class with a DLL interface
  
D:\projects\dependencies\vs_code_sfml_compile\SFML-2.5.1-sources_x642\include\SFML/Graphics/View.hpp(272): warning : field of class type without a DLL interface used in a class with a DLL interface
  
D:\projects\dependencies\vs_code_sfml_compile\SFML-2.5.1-sources_x642\include\SFML/Graphics/View.hpp(273): warning : field of class type without a DLL interface used in a class with a DLL interface
  
D:\projects\dependencies\vs_code_sfml_compile\SFML-2.5.1-sources_x642\include\SFML/Graphics/View.hpp(275): warning : field of class type without a DLL interface used in a class with a DLL interface
  
D:\projects\dependencies\vs_code_sfml_compile\SFML-2.5.1-sources_x642\include\SFML/Graphics/RenderTarget.hpp(476): warning : field of class type without a DLL interface used in a class with a DLL interface
  
D:\projects\dependencies\vs_code_sfml_compile\SFML-2.5.1-sources_x642\include\SFML/Graphics/Shader.hpp(750): warning : field of class type without a DLL interface used in a class with a DLL interface
  
D:\projects\dependencies\vs_code_sfml_compile\SFML-2.5.1-sources_x642\include\SFML/Graphics/Shader.hpp(751): warning : field of class type without a DLL interface used in a class with a DLL interface
  
D:\projects\dependencies\vs_code_sfml_compile\SFML-2.5.1-sources_x642\include\SFML/Graphics/Sprite.hpp(220): warning : field of class type without a DLL interface used in a class with a DLL interface
  
D:\projects\dependencies\vs_code_sfml_compile\SFML-2.5.1-sources_x642\include\SFML/Graphics/Text.hpp(449): warning : field of class type without a DLL interface used in a class with a DLL interface
  
D:/projects/fractals/mandelbrot/mandelbrot_cuda/mandelbrot_cuda/kernel.cu(156): warning : variable "size_old" was declared but never referenced
  
D:\projects\dependencies\vs_code_sfml_compile\SFML-2.5.1-sources_x642\include\SFML/System/String.hpp(527): warning : field of class type without a DLL interface used in a class with a DLL interface
  
D:\projects\dependencies\vs_code_sfml_compile\SFML-2.5.1-sources_x642\include\SFML/Window/Window.hpp(549): warning : field of class type without a DLL interface used in a class with a DLL interface
  
D:\projects\dependencies\vs_code_sfml_compile\SFML-2.5.1-sources_x642\include\SFML/Graphics/Transformable.hpp(319): warning : field of class type without a DLL interface used in a class with a DLL interface
  
D:\projects\dependencies\vs_code_sfml_compile\SFML-2.5.1-sources_x642\include\SFML/Graphics/Transformable.hpp(320): warning : field of class type without a DLL interface used in a class with a DLL interface
  
D:\projects\dependencies\vs_code_sfml_compile\SFML-2.5.1-sources_x642\include\SFML/Graphics/Transformable.hpp(322): warning : field of class type without a DLL interface used in a class with a DLL interface
  
D:\projects\dependencies\vs_code_sfml_compile\SFML-2.5.1-sources_x642\include\SFML/Graphics/Vertex.hpp(97): warning : field of class type without a DLL interface used in a class with a DLL interface
  
D:\projects\dependencies\vs_code_sfml_compile\SFML-2.5.1-sources_x642\include\SFML/Graphics/Vertex.hpp(99): warning : field of class type without a DLL interface used in a class with a DLL interface
  
D:\projects\dependencies\vs_code_sfml_compile\SFML-2.5.1-sources_x642\include\SFML/Graphics/VertexArray.hpp(190): warning : field of class type without a DLL interface used in a class with a DLL interface
  
D:\projects\dependencies\vs_code_sfml_compile\SFML-2.5.1-sources_x642\include\SFML/Graphics/Shape.hpp(309): warning : field of class type without a DLL interface used in a class with a DLL interface
  
D:\projects\dependencies\vs_code_sfml_compile\SFML-2.5.1-sources_x642\include\SFML/Graphics/Shape.hpp(315): warning : field of class type without a DLL interface used in a class with a DLL interface
  
D:\projects\dependencies\vs_code_sfml_compile\SFML-2.5.1-sources_x642\include\SFML/Graphics/Shape.hpp(316): warning : field of class type without a DLL interface used in a class with a DLL interface
  
D:\projects\dependencies\vs_code_sfml_compile\SFML-2.5.1-sources_x642\include\SFML/Graphics/ConvexShape.hpp(115): warning : field of class type without a DLL interface used in a class with a DLL interface
  
D:\projects\dependencies\vs_code_sfml_compile\SFML-2.5.1-sources_x642\include\SFML/Graphics/Glyph.hpp(55): warning : field of class type without a DLL interface used in a class with a DLL interface
  
D:\projects\dependencies\vs_code_sfml_compile\SFML-2.5.1-sources_x642\include\SFML/Graphics/Glyph.hpp(56): warning : field of class type without a DLL interface used in a class with a DLL interface
  
D:\projects\dependencies\vs_code_sfml_compile\SFML-2.5.1-sources_x642\include\SFML/Graphics/Image.hpp(266): warning : field of class type without a DLL interface used in a class with a DLL interface
  
D:\projects\dependencies\vs_code_sfml_compile\SFML-2.5.1-sources_x642\include\SFML/Graphics/Image.hpp(267): warning : field of class type without a DLL interface used in a class with a DLL interface
  
D:\projects\dependencies\vs_code_sfml_compile\SFML-2.5.1-sources_x642\include\SFML/Graphics/Texture.hpp(619): warning : field of class type without a DLL interface used in a class with a DLL interface
  
D:\projects\dependencies\vs_code_sfml_compile\SFML-2.5.1-sources_x642\include\SFML/Graphics/Texture.hpp(620): warning : field of class type without a DLL interface used in a class with a DLL interface
  
D:\projects\dependencies\vs_code_sfml_compile\SFML-2.5.1-sources_x642\include\SFML/Graphics/Font.hpp(354): warning : field of class type without a DLL interface used in a class with a DLL interface
  
D:\projects\dependencies\vs_code_sfml_compile\SFML-2.5.1-sources_x642\include\SFML/Graphics/Font.hpp(355): warning : field of class type without a DLL interface used in a class with a DLL interface
  
D:\projects\dependencies\vs_code_sfml_compile\SFML-2.5.1-sources_x642\include\SFML/Graphics/Font.hpp(356): warning : field of class type without a DLL interface used in a class with a DLL interface
  
D:\projects\dependencies\vs_code_sfml_compile\SFML-2.5.1-sources_x642\include\SFML/Graphics/RectangleShape.hpp(102): warning : field of class type without a DLL interface used in a class with a DLL interface
  
D:\projects\dependencies\vs_code_sfml_compile\SFML-2.5.1-sources_x642\include\SFML/Graphics/View.hpp(272): warning : field of class type without a DLL interface used in a class with a DLL interface
  
D:\projects\dependencies\vs_code_sfml_compile\SFML-2.5.1-sources_x642\include\SFML/Graphics/View.hpp(273): warning : field of class type without a DLL interface used in a class with a DLL interface
  
D:\projects\dependencies\vs_code_sfml_compile\SFML-2.5.1-sources_x642\include\SFML/Graphics/View.hpp(275): warning : field of class type without a DLL interface used in a class with a DLL interface
  
D:\projects\dependencies\vs_code_sfml_compile\SFML-2.5.1-sources_x642\include\SFML/Graphics/RenderTarget.hpp(476): warning : field of class type without a DLL interface used in a class with a DLL interface
  
D:\projects\dependencies\vs_code_sfml_compile\SFML-2.5.1-sources_x642\include\SFML/Graphics/Shader.hpp(750): warning : field of class type without a DLL interface used in a class with a DLL interface
  
D:\projects\dependencies\vs_code_sfml_compile\SFML-2.5.1-sources_x642\include\SFML/Graphics/Shader.hpp(751): warning : field of class type without a DLL interface used in a class with a DLL interface
  
D:\projects\dependencies\vs_code_sfml_compile\SFML-2.5.1-sources_x642\include\SFML/Graphics/Sprite.hpp(220): warning : field of class type without a DLL interface used in a class with a DLL interface
  
D:\projects\dependencies\vs_code_sfml_compile\SFML-2.5.1-sources_x642\include\SFML/Graphics/Text.hpp(449): warning : field of class type without a DLL interface used in a class with a DLL interface
  
  kernel.cu
D:/projects/fractals/mandelbrot/mandelbrot_cuda/mandelbrot_cuda/kernel.cu(70): warning C4244: '=': conversion from 'double' to 'int', possible loss of data
D:/projects/fractals/mandelbrot/mandelbrot_cuda/mandelbrot_cuda/kernel.cu(77): warning C4244: '=': conversion from 'double' to 'int', possible loss of data
D:/projects/fractals/mandelbrot/mandelbrot_cuda/mandelbrot_cuda/kernel.cu(78): warning C4244: '=': conversion from 'double' to 'int', possible loss of data
D:/projects/fractals/mandelbrot/mandelbrot_cuda/mandelbrot_cuda/kernel.cu(85): warning C4244: '=': conversion from 'double' to 'int', possible loss of data
D:/projects/fractals/mandelbrot/mandelbrot_cuda/mandelbrot_cuda/kernel.cu(86): warning C4244: '=': conversion from 'double' to 'int', possible loss of data
D:/projects/fractals/mandelbrot/mandelbrot_cuda/mandelbrot_cuda/kernel.cu(202): warning C4244: 'initializing': conversion from 'float' to 'int', possible loss of data
  Using triplet "x64-windows" from "D:\projects\dependencies\vcpkg\installed\x64-windows\"
     Creating library D:\projects\fractals\mandelbrot\mandelbrot_cuda\x64\Release\mandelbrot_cuda.lib and object D:\projects\fractals\mandelbrot\mandelbrot_cuda\x64\Release\mandelbrot_cuda.exp
  LINK : /LTCG specified but no code generation required; remove /LTCG from the link command line to improve linker performance
  mandelbrot_cuda.vcxproj -> D:\projects\fractals\mandelbrot\mandelbrot_cuda\x64\Release\mandelbrot_cuda.exe
